[21:21:59] [main/INFO]: Loading tweak class name com.mumfrey.liteloader.launch.LiteLoaderTweaker
[21:21:59] [main/INFO]: Using primary tweak class name com.mumfrey.liteloader.launch.LiteLoaderTweaker
[21:21:59] [main/INFO]: Calling tweak class com.mumfrey.liteloader.launch.LiteLoaderTweaker
[21:21:59] [main/INFO]: Bootstrapping LiteLoader 1.12.0
[21:21:59] [main/INFO]: Registering API provider class com.mumfrey.liteloader.client.api.LiteLoaderCoreAPIClient
[21:21:59] [main/INFO]: Spawning API provider class 'com.mumfrey.liteloader.client.api.LiteLoaderCoreAPIClient' ...
[21:21:59] [main/INFO]: API provider class 'com.mumfrey.liteloader.client.api.LiteLoaderCoreAPIClient' provides API 'liteloader'
[21:21:59] [main/INFO]: Initialising API 'liteloader' ...
[21:21:59] [main/ERROR]: Error during LiteLoader PREINIT: java.lang.NoClassDefFoundError org/apache/logging/log4j/core/helpers/Booleans
java.lang.NoClassDefFoundError: org/apache/logging/log4j/core/helpers/Booleans
	at org.spongepowered.asm.mixin.MixinEnvironment$Option.getBooleanValue(MixinEnvironment.java:444) ~[mixin.jar:0.5.10-SNAPSHOT+unknown-b0.git-unknown]
	at org.spongepowered.asm.mixin.MixinEnvironment.<init>(MixinEnvironment.java:755) ~[mixin.jar:0.5.10-SNAPSHOT+unknown-b0.git-unknown]
	at org.spongepowered.asm.mixin.MixinEnvironment$Phase.getEnvironment(MixinEnvironment.java:150) ~[mixin.jar:0.5.10-SNAPSHOT+unknown-b0.git-unknown]
	at org.spongepowered.asm.mixin.MixinEnvironment.getEnvironment(MixinEnvironment.java:1186) ~[mixin.jar:0.5.10-SNAPSHOT+unknown-b0.git-unknown]
	at org.spongepowered.asm.mixin.MixinEnvironment.init(MixinEnvironment.java:1169) ~[mixin.jar:0.5.10-SNAPSHOT+unknown-b0.git-unknown]
	at org.spongepowered.asm.launch.MixinBootstrap.preInit(MixinBootstrap.java:141) ~[mixin.jar:0.5.10-SNAPSHOT+unknown-b0.git-unknown]
	at org.spongepowered.asm.launch.MixinBootstrap.init(MixinBootstrap.java:105) ~[mixin.jar:0.5.10-SNAPSHOT+unknown-b0.git-unknown]
	at com.mumfrey.liteloader.launch.LiteLoaderTweaker.onPreInit(LiteLoaderTweaker.java:349) [ll.jar:1.12-SNAPSHOT+jnks-b9.git-4ca9c4eaf0528ac1e2967a31de7e0697700965cf]
	at com.mumfrey.liteloader.launch.LiteLoaderTweaker.acceptOptions(LiteLoaderTweaker.java:253) [ll.jar:1.12-SNAPSHOT+jnks-b9.git-4ca9c4eaf0528ac1e2967a31de7e0697700965cf]
	at net.minecraft.launchwrapper.Launch.launch(Launch.java:114) [lw.jar:?]
	at net.minecraft.launchwrapper.Launch.main(Launch.java:28) [lw.jar:?]
Caused by: java.lang.ClassNotFoundException: org.apache.logging.log4j.core.helpers.Booleans
	at java.net.URLClassLoader.findClass(URLClassLoader.java:387) ~[?:1.8.0_452]
	at java.lang.ClassLoader.loadClass(ClassLoader.java:418) ~[?:1.8.0_452]
	at sun.misc.Launcher$AppClassLoader.loadClass(Launcher.java:352) ~[?:1.8.0_452]
	at java.lang.ClassLoader.loadClass(ClassLoader.java:351) ~[?:1.8.0_452]
	... 11 more
[21:21:59] [main/INFO]: Injecting required class transformer 'com.mumfrey.liteloader.transformers.event.EventProxyTransformer'
[21:21:59] [main/INFO]: Injecting required class transformer 'com.mumfrey.liteloader.launch.LiteLoaderTransformer'
[21:21:59] [main/INFO]: Injecting required class transformer 'com.mumfrey.liteloader.client.transformers.CrashReportTransformer'
[21:21:59] [main/ERROR]: A critical problem occurred registering the ASM transformer class com.mumfrey.liteloader.client.transformers.CrashReportTransformer
java.lang.ClassNotFoundException: com.mumfrey.liteloader.client.transformers.CrashReportTransformer
	at net.minecraft.launchwrapper.LaunchClassLoader.findClass(LaunchClassLoader.java:191) ~[lw.jar:?]
	at java.lang.ClassLoader.loadClass(ClassLoader.java:418) ~[?:1.8.0_452]
	at java.lang.ClassLoader.loadClass(ClassLoader.java:351) ~[?:1.8.0_452]
	at net.minecraft.launchwrapper.LaunchClassLoader.registerTransformer(LaunchClassLoader.java:88) [lw.jar:?]
	at com.mumfrey.liteloader.launch.ClassTransformerManager.injectTransformer(ClassTransformerManager.java:194) [ll.jar:1.12-SNAPSHOT+jnks-b9.git-4ca9c4eaf0528ac1e2967a31de7e0697700965cf]
	at com.mumfrey.liteloader.launch.ClassTransformerManager.injectUpstreamTransformers(ClassTransformerManager.java:161) [ll.jar:1.12-SNAPSHOT+jnks-b9.git-4ca9c4eaf0528ac1e2967a31de7e0697700965cf]
	at com.mumfrey.liteloader.launch.LiteLoaderTweaker.injectIntoClassLoader(LiteLoaderTweaker.java:267) [ll.jar:1.12-SNAPSHOT+jnks-b9.git-4ca9c4eaf0528ac1e2967a31de7e0697700965cf]
	at net.minecraft.launchwrapper.Launch.launch(Launch.java:115) [lw.jar:?]
	at net.minecraft.launchwrapper.Launch.main(Launch.java:28) [lw.jar:?]
Caused by: java.lang.ClassCircularityError: com/mumfrey/liteloader/core/runtime/Obf
	at com.mumfrey.liteloader.transformers.event.EventProxyTransformer.transform(EventProxyTransformer.java:33) ~[ll.jar:1.12-SNAPSHOT+jnks-b9.git-4ca9c4eaf0528ac1e2967a31de7e0697700965cf]
	at net.minecraft.launchwrapper.LaunchClassLoader.runTransformers(LaunchClassLoader.java:279) ~[lw.jar:?]
	at net.minecraft.launchwrapper.LaunchClassLoader.findClass(LaunchClassLoader.java:176) ~[lw.jar:?]
	... 8 more
[21:21:59] [main/INFO]: Queuing required class transformer 'com.mumfrey.liteloader.transformers.event.EventTransformer'
[21:21:59] [main/INFO]: Queuing required class transformer 'com.mumfrey.liteloader.common.transformers.LiteLoaderPacketTransformer'
[21:21:59] [main/INFO]: Queuing required class transformer 'com.mumfrey.liteloader.transformers.event.json.ModEventInjectionTransformer'
[21:21:59] [main/INFO]: Loading tweak class name org.spongepowered.asm.launch.MixinTweaker
[21:21:59] [main/INFO]: Calling tweak class org.spongepowered.asm.launch.MixinTweaker
[21:21:59] [main/INFO]: Loading tweak class name org.spongepowered.asm.mixin.MixinEnvironment$EnvironmentStateTweaker
[21:21:59] [main/INFO]: Calling tweak class org.spongepowered.asm.mixin.MixinEnvironment$EnvironmentStateTweaker
